<?xml version="1.0" encoding="UTF-8"?>
<!-- Generated by org.testng.reporters.JUnitXMLReporter -->
<testsuite hostname="Ankur" name="Default test" tests="11" failures="0" timestamp="8 Mar 2017 14:56:07 GMT" time="1.443" errors="0">
  <testcase name="search" time="0.0" classname="com.core.ddf.NoBroker.testcases.selectplanTest">
    <skipped/>
  </testcase> <!-- search -->
  <testcase name="search" time="0.015" classname="com.core.ddf.NoBroker.testcases.selectplanTest">
    <skipped/>
  </testcase> <!-- search -->
  <testcase name="search" time="0.0" classname="com.core.ddf.NoBroker.testcases.selectplanTest">
    <skipped/>
  </testcase> <!-- search -->
  <testcase name="search" time="0.0" classname="com.core.ddf.NoBroker.testcases.selectplanTest">
    <skipped/>
  </testcase> <!-- search -->
  <testcase name="search" time="0.0" classname="com.core.ddf.NoBroker.testcases.selectplanTest">
    <skipped/>
  </testcase> <!-- search -->
  <testcase name="search" time="0.0" classname="com.core.ddf.NoBroker.testcases.selectplanTest">
    <skipped/>
  </testcase> <!-- search -->
  <testcase name="search" time="0.0" classname="com.core.ddf.NoBroker.testcases.selectplanTest">
    <skipped/>
  </testcase> <!-- search -->
  <testcase name="search" time="0.0" classname="com.core.ddf.NoBroker.testcases.selectplanTest">
    <skipped/>
  </testcase> <!-- search -->
  <testcase name="search" time="0.016" classname="com.core.ddf.NoBroker.testcases.selectplanTest">
    <skipped/>
  </testcase> <!-- search -->
  <testcase name="search" time="0.0" classname="com.core.ddf.NoBroker.testcases.selectplanTest">
    <skipped/>
  </testcase> <!-- search -->
  <testcase name="search" time="0.0" classname="com.core.ddf.NoBroker.testcases.selectplanTest">
    <skipped/>
  </testcase> <!-- search -->
</testsuite> <!-- Default test -->
