<?xml version="1.0" encoding="UTF-8"?>
<!-- Generated by org.testng.reporters.JUnitXMLReporter -->
<testsuite hostname="Ankur" name="Command line test" tests="15" failures="0" timestamp="8 Mar 2017 18:41:24 GMT" time="103.969" errors="0">
  <testcase name="addremoveShortlist" time="58.687" classname="com.core.ddf.NoBroker.testcases.ShortlistTest"/>
  <testcase name="addremoveShortlist" time="0.0" classname="com.core.ddf.NoBroker.testcases.ShortlistTest">
    <skipped/>
  </testcase> <!-- addremoveShortlist -->
  <testcase name="addremoveShortlist" time="0.0" classname="com.core.ddf.NoBroker.testcases.ShortlistTest">
    <skipped/>
  </testcase> <!-- addremoveShortlist -->
  <testcase name="addremoveShortlist" time="0.0" classname="com.core.ddf.NoBroker.testcases.ShortlistTest">
    <skipped/>
  </testcase> <!-- addremoveShortlist -->
  <testcase name="search" time="41.252" classname="com.core.ddf.NoBroker.testcases.selectplanTest"/>
  <testcase name="search" time="0.0" classname="com.core.ddf.NoBroker.testcases.selectplanTest">
    <skipped/>
  </testcase> <!-- search -->
  <testcase name="search" time="0.0" classname="com.core.ddf.NoBroker.testcases.selectplanTest">
    <skipped/>
  </testcase> <!-- search -->
  <testcase name="search" time="0.0" classname="com.core.ddf.NoBroker.testcases.selectplanTest">
    <skipped/>
  </testcase> <!-- search -->
  <testcase name="search" time="0.0" classname="com.core.ddf.NoBroker.testcases.selectplanTest">
    <skipped/>
  </testcase> <!-- search -->
  <testcase name="search" time="0.0" classname="com.core.ddf.NoBroker.testcases.selectplanTest">
    <skipped/>
  </testcase> <!-- search -->
  <testcase name="search" time="0.0" classname="com.core.ddf.NoBroker.testcases.selectplanTest">
    <skipped/>
  </testcase> <!-- search -->
  <testcase name="search" time="0.0" classname="com.core.ddf.NoBroker.testcases.selectplanTest">
    <skipped/>
  </testcase> <!-- search -->
  <testcase name="search" time="0.0" classname="com.core.ddf.NoBroker.testcases.selectplanTest">
    <skipped/>
  </testcase> <!-- search -->
  <testcase name="search" time="0.0" classname="com.core.ddf.NoBroker.testcases.selectplanTest">
    <skipped/>
  </testcase> <!-- search -->
  <testcase name="search" time="0.0" classname="com.core.ddf.NoBroker.testcases.selectplanTest">
    <skipped/>
  </testcase> <!-- search -->
</testsuite> <!-- Command line test -->
