<?xml version="1.0" encoding="UTF-8"?>
<!-- Generated by org.testng.reporters.JUnitXMLReporter -->
<testsuite hostname="Ankur" name="Command line test" tests="10" failures="1" timestamp="5 Mar 2017 21:38:39 GMT" time="115.567" errors="0">
  <testcase name="search" time="54.05" classname="com.core.ddf.NoBroker.testcases.selectplanTest"/>
  <testcase name="search" time="56.63" classname="com.core.ddf.NoBroker.testcases.selectplanTest">
    <failure type="java.lang.AssertionError" message="Password aa is wrong">
      <![CDATA[java.lang.AssertionError: Password aa is wrong
	at com.core.ddf.NoBroker.BaseTest.reportFailure(BaseTest.java:169)
	at com.core.ddf.NoBroker.BaseTest.VerifyPassword(BaseTest.java:358)
	at com.core.ddf.NoBroker.testcases.selectplanTest.search(selectplanTest.java:51)
... Removed 35 stack frames]]>
    </failure>
  </testcase> <!-- search -->
  <testcase name="search" time="0.0" classname="com.core.ddf.NoBroker.testcases.selectplanTest">
    <skipped/>
  </testcase> <!-- search -->
  <testcase name="search" time="0.0" classname="com.core.ddf.NoBroker.testcases.selectplanTest">
    <skipped/>
  </testcase> <!-- search -->
  <testcase name="search" time="0.0" classname="com.core.ddf.NoBroker.testcases.selectplanTest">
    <skipped/>
  </testcase> <!-- search -->
  <testcase name="search" time="0.0" classname="com.core.ddf.NoBroker.testcases.selectplanTest">
    <skipped/>
  </testcase> <!-- search -->
  <testcase name="search" time="0.0" classname="com.core.ddf.NoBroker.testcases.selectplanTest">
    <skipped/>
  </testcase> <!-- search -->
  <testcase name="search" time="0.0" classname="com.core.ddf.NoBroker.testcases.selectplanTest">
    <skipped/>
  </testcase> <!-- search -->
  <testcase name="search" time="0.0" classname="com.core.ddf.NoBroker.testcases.selectplanTest">
    <skipped/>
  </testcase> <!-- search -->
  <testcase name="search" time="0.0" classname="com.core.ddf.NoBroker.testcases.selectplanTest">
    <skipped/>
  </testcase> <!-- search -->
</testsuite> <!-- Command line test -->
