<?xml version="1.0" encoding="UTF-8" ?>
<testsuite tests="15" failures="6" name="TestSuite" time="710.567" errors="0" skipped="0">
  <properties>
[...]
</properties>
  <testcase classname="com.core.ddf.NoBroker.testcases.ShortlistTest" name="addremoveShortlist" time="62.005"/>
  <testcase classname="com.core.ddf.NoBroker.testcases.ShortlistTest" name="addremoveShortlist" time="72.834">
    <failure message="no such element: Unable to locate element: {&quot;method&quot;:&quot;xpath&quot;,&quot;selector&quot;:&quot;//*[@id=&apos;user_summary_detail_container&apos;]/div[1]/i&quot;}
  (Session info: chrome=56.0.2924.87)
  (Driver info: chromedriver=2.27.440174 (e97a722caafc2d3a8b807ee115bfb307f7d2cfd9),platform=Windows NT 10.0.14393 x86_64) (WARNING: The server did not provide any stacktrace information)
Command duration or timeout: 20.07 seconds
For documentation on this error, please visit: http://seleniumhq.org/exceptions/no_such_element.html
Build info: version: &apos;2.52.0&apos;, revision: &apos;4c2593cfc3689a7fcd7be52549167e5ccc93ad28&apos;, time: &apos;2016-02-11 11:22:43&apos;
System info: host: &apos;Ankur&apos;, ip: &apos;192.168.0.101&apos;, os.name: &apos;Windows 10&apos;, os.arch: &apos;amd64&apos;, os.version: &apos;10.0&apos;, java.version: &apos;1.8.0_121&apos;
Driver info: org.openqa.selenium.chrome.ChromeDriver
Capabilities [{applicationCacheEnabled=false, rotatable=false, mobileEmulationEnabled=false, networkConnectionEnabled=false, chrome={chromedriverVersion=2.27.440174 (e97a722caafc2d3a8b807ee115bfb307f7d2cfd9), userDataDir=C:\Users\ankur\AppData\Local\Temp\scoped_dir8772_6189}, takesHeapSnapshot=true, pageLoadStrategy=normal, databaseEnabled=false, handlesAlerts=true, hasTouchScreen=false, version=56.0.2924.87, platform=XP, browserConnectionEnabled=false, nativeEvents=true, acceptSslCerts=true, locationContextEnabled=true, webStorageEnabled=true, browserName=chrome, takesScreenshot=true, javascriptEnabled=true, cssSelectorsEnabled=true, unexpectedAlertBehaviour=}]
Session ID: fc8fc23d2ead98d07669f614f69b582a
*** Element info: {Using=xpath, value=//*[@id=&apos;user_summary_detail_container&apos;]/div[1]/i}" type="java.lang.AssertionError">java.lang.AssertionError: no such element: Unable to locate element: {&quot;method&quot;:&quot;xpath&quot;,&quot;selector&quot;:&quot;//*[@id=&apos;user_summary_detail_container&apos;]/div[1]/i&quot;}
  (Session info: chrome=56.0.2924.87)
  (Driver info: chromedriver=2.27.440174 (e97a722caafc2d3a8b807ee115bfb307f7d2cfd9),platform=Windows NT 10.0.14393 x86_64) (WARNING: The server did not provide any stacktrace information)
Command duration or timeout: 20.07 seconds
For documentation on this error, please visit: http://seleniumhq.org/exceptions/no_such_element.html
Build info: version: &apos;2.52.0&apos;, revision: &apos;4c2593cfc3689a7fcd7be52549167e5ccc93ad28&apos;, time: &apos;2016-02-11 11:22:43&apos;
System info: host: &apos;Ankur&apos;, ip: &apos;192.168.0.101&apos;, os.name: &apos;Windows 10&apos;, os.arch: &apos;amd64&apos;, os.version: &apos;10.0&apos;, java.version: &apos;1.8.0_121&apos;
Driver info: org.openqa.selenium.chrome.ChromeDriver
Capabilities [{applicationCacheEnabled=false, rotatable=false, mobileEmulationEnabled=false, networkConnectionEnabled=false, chrome={chromedriverVersion=2.27.440174 (e97a722caafc2d3a8b807ee115bfb307f7d2cfd9), userDataDir=C:\Users\ankur\AppData\Local\Temp\scoped_dir8772_6189}, takesHeapSnapshot=true, pageLoadStrategy=normal, databaseEnabled=false, handlesAlerts=true, hasTouchScreen=false, version=56.0.2924.87, platform=XP, browserConnectionEnabled=false, nativeEvents=true, acceptSslCerts=true, locationContextEnabled=true, webStorageEnabled=true, browserName=chrome, takesScreenshot=true, javascriptEnabled=true, cssSelectorsEnabled=true, unexpectedAlertBehaviour=}]
Session ID: fc8fc23d2ead98d07669f614f69b582a
*** Element info: {Using=xpath, value=//*[@id=&apos;user_summary_detail_container&apos;]/div[1]/i}
	at org.testng.Assert.fail(Assert.java:94)
	at com.core.ddf.NoBroker.BaseTest.reportFailure(BaseTest.java:181)
	at com.core.ddf.NoBroker.BaseTest.getElement(BaseTest.java:135)
	at com.core.ddf.NoBroker.BaseTest.click(BaseTest.java:105)
	at com.core.ddf.NoBroker.testcases.ShortlistTest.addremoveShortlist(ShortlistTest.java:59)
</failure>
    <system-out>C:\Users\ankur\Desktop\Export\selenium\chromedriver_win32\chromedriver.exe
https://www.nobroker.in/
</system-out>
    <system-err>Starting ChromeDriver 2.27.440174 (e97a722caafc2d3a8b807ee115bfb307f7d2cfd9) on port 37842
Only local connections are allowed.
</system-err>
  </testcase>
  <testcase classname="com.core.ddf.NoBroker.testcases.ShortlistTest" name="addremoveShortlist" time="61.352"/>
  <testcase classname="com.core.ddf.NoBroker.testcases.ShortlistTest" name="addremoveShortlist" time="63.645"/>
  <testcase classname="com.core.ddf.NoBroker.testcases.selectplanTest" name="search" time="47.56"/>
  <testcase classname="com.core.ddf.NoBroker.testcases.selectplanTest" name="search" time="52.652"/>
  <testcase classname="com.core.ddf.NoBroker.testcases.selectplanTest" name="search" time="37.917">
    <failure message="Password aa is wrong" type="java.lang.AssertionError">java.lang.AssertionError: Password aa is wrong
	at org.testng.Assert.fail(Assert.java:94)
	at com.core.ddf.NoBroker.BaseTest.reportFailure(BaseTest.java:181)
	at com.core.ddf.NoBroker.BaseTest.VerifyPassword(BaseTest.java:378)
	at com.core.ddf.NoBroker.testcases.selectplanTest.search(selectplanTest.java:52)
</failure>
    <system-out>C:\Users\ankur\Desktop\Export\selenium\chromedriver_win32\chromedriver.exe
https://www.nobroker.in/
</system-out>
    <system-err>Starting ChromeDriver 2.27.440174 (e97a722caafc2d3a8b807ee115bfb307f7d2cfd9) on port 48639
Only local connections are allowed.
</system-err>
  </testcase>
  <testcase classname="com.core.ddf.NoBroker.testcases.selectplanTest" name="search" time="46.983"/>
  <testcase classname="com.core.ddf.NoBroker.testcases.selectplanTest" name="search" time="9.906">
    <failure message="City not found Jaipur" type="java.lang.AssertionError">java.lang.AssertionError: City not found Jaipur
	at org.testng.Assert.fail(Assert.java:94)
	at com.core.ddf.NoBroker.BaseTest.reportFailure(BaseTest.java:181)
	at com.core.ddf.NoBroker.BaseTest.selectCity(BaseTest.java:254)
	at com.core.ddf.NoBroker.BaseTest.searchResult(BaseTest.java:268)
	at com.core.ddf.NoBroker.testcases.selectplanTest.search(selectplanTest.java:36)
</failure>
    <system-out>C:\Users\ankur\Desktop\Export\selenium\chromedriver_win32\chromedriver.exe
https://www.nobroker.in/
</system-out>
    <system-err>Starting ChromeDriver 2.27.440174 (e97a722caafc2d3a8b807ee115bfb307f7d2cfd9) on port 36834
Only local connections are allowed.
</system-err>
  </testcase>
  <testcase classname="com.core.ddf.NoBroker.testcases.selectplanTest" name="search" time="31.327">
    <failure message="Mobile numberis not having 10 digits" type="java.lang.AssertionError">java.lang.AssertionError: Mobile numberis not having 10 digits
	at org.testng.Assert.fail(Assert.java:94)
	at com.core.ddf.NoBroker.BaseTest.reportFailure(BaseTest.java:181)
	at com.core.ddf.NoBroker.BaseTest.VerifyNumber(BaseTest.java:360)
	at com.core.ddf.NoBroker.testcases.selectplanTest.search(selectplanTest.java:41)
</failure>
    <system-out>C:\Users\ankur\Desktop\Export\selenium\chromedriver_win32\chromedriver.exe
https://www.nobroker.in/
</system-out>
    <system-err>Starting ChromeDriver 2.27.440174 (e97a722caafc2d3a8b807ee115bfb307f7d2cfd9) on port 33726
Only local connections are allowed.
</system-err>
  </testcase>
  <testcase classname="com.core.ddf.NoBroker.testcases.selectplanTest" name="search" time="60.673"/>
  <testcase classname="com.core.ddf.NoBroker.testcases.selectplanTest" name="search" time="36.124">
    <failure message="Mobile numberis not of an integer" type="java.lang.AssertionError">java.lang.AssertionError: Mobile numberis not of an integer
	at org.testng.Assert.fail(Assert.java:94)
	at com.core.ddf.NoBroker.BaseTest.reportFailure(BaseTest.java:181)
	at com.core.ddf.NoBroker.BaseTest.VerifyNumber(BaseTest.java:368)
	at com.core.ddf.NoBroker.testcases.selectplanTest.search(selectplanTest.java:41)
</failure>
    <system-out>C:\Users\ankur\Desktop\Export\selenium\chromedriver_win32\chromedriver.exe
https://www.nobroker.in/
java.lang.NumberFormatException: For input string: &quot;aaaaa&quot;
</system-out>
    <system-err>Starting ChromeDriver 2.27.440174 (e97a722caafc2d3a8b807ee115bfb307f7d2cfd9) on port 8044
Only local connections are allowed.
</system-err>
  </testcase>
  <testcase classname="com.core.ddf.NoBroker.testcases.selectplanTest" name="search" time="15.967">
    <failure message="BHK type not found" type="java.lang.AssertionError">java.lang.AssertionError: BHK type not found
	at org.testng.Assert.fail(Assert.java:94)
	at com.core.ddf.NoBroker.BaseTest.reportFailure(BaseTest.java:181)
	at com.core.ddf.NoBroker.BaseTest.selectBHK(BaseTest.java:313)
	at com.core.ddf.NoBroker.BaseTest.searchResult(BaseTest.java:269)
	at com.core.ddf.NoBroker.testcases.selectplanTest.search(selectplanTest.java:36)
</failure>
    <system-out>C:\Users\ankur\Desktop\Export\selenium\chromedriver_win32\chromedriver.exe
https://www.nobroker.in/
</system-out>
    <system-err>Starting ChromeDriver 2.27.440174 (e97a722caafc2d3a8b807ee115bfb307f7d2cfd9) on port 24225
Only local connections are allowed.
</system-err>
  </testcase>
  <testcase classname="com.core.ddf.NoBroker.testcases.selectplanTest" name="search" time="58.942"/>
  <testcase classname="com.core.ddf.NoBroker.testcases.selectplanTest" name="search" time="52.68"/>
</testsuite>