<?xml version="1.0" encoding="UTF-8"?>
<testng-results skipped="0" failed="6" total="15" passed="9">
  <reporter-output>
  </reporter-output>
  <suite name="Command line suite" duration-ms="727238" started-at="2017-03-08T16:41:09Z" finished-at="2017-03-08T16:53:16Z">
    <groups>
    </groups>
    <test name="Command line test" duration-ms="727238" started-at="2017-03-08T16:41:09Z" finished-at="2017-03-08T16:53:16Z">
      <class name="com.core.ddf.NoBroker.testcases.ShortlistTest">
        <test-method status="PASS" signature="addremoveShortlist(java.util.Hashtable)[pri:0, instance:com.core.ddf.NoBroker.testcases.ShortlistTest@701fc37a]" name="addremoveShortlist" duration-ms="62005" started-at="2017-03-08T22:11:10Z" data-provider="getData" finished-at="2017-03-08T22:12:12Z">
          <params>
            <param index="0">
              <value>
                <![CDATA[{location=whitefield, password=ankur1989, bhk=rk1,bhk1, Runmode=y, number=9852755852, city=Bangalore, Browser=Chrome}]]>
              </value>
            </param>
          </params>
          <reporter-output>
          </reporter-output>
        </test-method> <!-- addremoveShortlist -->
        <test-method status="PASS" signature="init()[pri:0, instance:com.core.ddf.NoBroker.testcases.ShortlistTest@701fc37a]" name="init" is-config="true" duration-ms="0" started-at="2017-03-08T22:11:10Z" finished-at="2017-03-08T22:11:10Z">
          <reporter-output>
          </reporter-output>
        </test-method> <!-- init -->
        <test-method status="PASS" signature="repoquit()[pri:0, instance:com.core.ddf.NoBroker.testcases.ShortlistTest@701fc37a]" name="repoquit" is-config="true" duration-ms="1313" started-at="2017-03-08T22:12:12Z" finished-at="2017-03-08T22:12:13Z">
          <reporter-output>
          </reporter-output>
        </test-method> <!-- repoquit -->
        <test-method status="PASS" signature="init()[pri:0, instance:com.core.ddf.NoBroker.testcases.ShortlistTest@701fc37a]" name="init" is-config="true" duration-ms="0" started-at="2017-03-08T22:12:13Z" finished-at="2017-03-08T22:12:13Z">
          <reporter-output>
          </reporter-output>
        </test-method> <!-- init -->
        <test-method status="FAIL" signature="addremoveShortlist(java.util.Hashtable)[pri:0, instance:com.core.ddf.NoBroker.testcases.ShortlistTest@701fc37a]" name="addremoveShortlist" duration-ms="72787" started-at="2017-03-08T22:12:13Z" data-provider="getData" finished-at="2017-03-08T22:13:26Z">
          <params>
            <param index="0">
              <value>
                <![CDATA[{location=Worli, password=ankur1989, bhk=rk1,bhk1, Runmode=y, number=9852755852, city=Mumbai, Browser=Chrome}]]>
              </value>
            </param>
          </params>
          <exception class="java.lang.AssertionError">
            <message>
              <![CDATA[no such element: Unable to locate element: {"method":"xpath","selector":"//*[@id='user_summary_detail_container']/div[1]/i"}
  (Session info: chrome=56.0.2924.87)
  (Driver info: chromedriver=2.27.440174 (e97a722caafc2d3a8b807ee115bfb307f7d2cfd9),platform=Windows NT 10.0.14393 x86_64) (WARNING: The server did not provide any stacktrace information)
Command duration or timeout: 20.07 seconds
For documentation on this error, please visit: http://seleniumhq.org/exceptions/no_such_element.html
Build info: version: '2.52.0', revision: '4c2593cfc3689a7fcd7be52549167e5ccc93ad28', time: '2016-02-11 11:22:43'
System info: host: 'Ankur', ip: '192.168.0.101', os.name: 'Windows 10', os.arch: 'amd64', os.version: '10.0', java.version: '1.8.0_121'
Driver info: org.openqa.selenium.chrome.ChromeDriver
Capabilities [{applicationCacheEnabled=false, rotatable=false, mobileEmulationEnabled=false, networkConnectionEnabled=false, chrome={chromedriverVersion=2.27.440174 (e97a722caafc2d3a8b807ee115bfb307f7d2cfd9), userDataDir=C:\Users\ankur\AppData\Local\Temp\scoped_dir8772_6189}, takesHeapSnapshot=true, pageLoadStrategy=normal, databaseEnabled=false, handlesAlerts=true, hasTouchScreen=false, version=56.0.2924.87, platform=XP, browserConnectionEnabled=false, nativeEvents=true, acceptSslCerts=true, locationContextEnabled=true, webStorageEnabled=true, browserName=chrome, takesScreenshot=true, javascriptEnabled=true, cssSelectorsEnabled=true, unexpectedAlertBehaviour=}]
Session ID: fc8fc23d2ead98d07669f614f69b582a
*** Element info: {Using=xpath, value=//*[@id='user_summary_detail_container']/div[1]/i}]]>
            </message>
            <full-stacktrace>
              <![CDATA[java.lang.AssertionError: no such element: Unable to locate element: {"method":"xpath","selector":"//*[@id='user_summary_detail_container']/div[1]/i"}
  (Session info: chrome=56.0.2924.87)
  (Driver info: chromedriver=2.27.440174 (e97a722caafc2d3a8b807ee115bfb307f7d2cfd9),platform=Windows NT 10.0.14393 x86_64) (WARNING: The server did not provide any stacktrace information)
Command duration or timeout: 20.07 seconds
For documentation on this error, please visit: http://seleniumhq.org/exceptions/no_such_element.html
Build info: version: '2.52.0', revision: '4c2593cfc3689a7fcd7be52549167e5ccc93ad28', time: '2016-02-11 11:22:43'
System info: host: 'Ankur', ip: '192.168.0.101', os.name: 'Windows 10', os.arch: 'amd64', os.version: '10.0', java.version: '1.8.0_121'
Driver info: org.openqa.selenium.chrome.ChromeDriver
Capabilities [{applicationCacheEnabled=false, rotatable=false, mobileEmulationEnabled=false, networkConnectionEnabled=false, chrome={chromedriverVersion=2.27.440174 (e97a722caafc2d3a8b807ee115bfb307f7d2cfd9), userDataDir=C:\Users\ankur\AppData\Local\Temp\scoped_dir8772_6189}, takesHeapSnapshot=true, pageLoadStrategy=normal, databaseEnabled=false, handlesAlerts=true, hasTouchScreen=false, version=56.0.2924.87, platform=XP, browserConnectionEnabled=false, nativeEvents=true, acceptSslCerts=true, locationContextEnabled=true, webStorageEnabled=true, browserName=chrome, takesScreenshot=true, javascriptEnabled=true, cssSelectorsEnabled=true, unexpectedAlertBehaviour=}]
Session ID: fc8fc23d2ead98d07669f614f69b582a
*** Element info: {Using=xpath, value=//*[@id='user_summary_detail_container']/div[1]/i}
	at org.testng.Assert.fail(Assert.java:94)
	at com.core.ddf.NoBroker.BaseTest.reportFailure(BaseTest.java:181)
	at com.core.ddf.NoBroker.BaseTest.getElement(BaseTest.java:135)
	at com.core.ddf.NoBroker.BaseTest.click(BaseTest.java:105)
	at com.core.ddf.NoBroker.testcases.ShortlistTest.addremoveShortlist(ShortlistTest.java:59)
	at sun.reflect.NativeMethodAccessorImpl.invoke0(Native Method)
	at sun.reflect.NativeMethodAccessorImpl.invoke(NativeMethodAccessorImpl.java:62)
	at sun.reflect.DelegatingMethodAccessorImpl.invoke(DelegatingMethodAccessorImpl.java:43)
	at java.lang.reflect.Method.invoke(Method.java:498)
	at org.testng.internal.MethodInvocationHelper.invokeMethod(MethodInvocationHelper.java:85)
	at org.testng.internal.Invoker.invokeMethod(Invoker.java:639)
	at org.testng.internal.Invoker.invokeTestMethod(Invoker.java:821)
	at org.testng.internal.Invoker.invokeTestMethods(Invoker.java:1131)
	at org.testng.internal.TestMethodWorker.invokeTestMethods(TestMethodWorker.java:124)
	at org.testng.internal.TestMethodWorker.run(TestMethodWorker.java:108)
	at org.testng.TestRunner.privateRun(TestRunner.java:773)
	at org.testng.TestRunner.run(TestRunner.java:623)
	at org.testng.SuiteRunner.runTest(SuiteRunner.java:357)
	at org.testng.SuiteRunner.runSequentially(SuiteRunner.java:352)
	at org.testng.SuiteRunner.privateRun(SuiteRunner.java:310)
	at org.testng.SuiteRunner.run(SuiteRunner.java:259)
	at org.testng.SuiteRunnerWorker.runSuite(SuiteRunnerWorker.java:52)
	at org.testng.SuiteRunnerWorker.run(SuiteRunnerWorker.java:86)
	at org.testng.TestNG.runSuitesSequentially(TestNG.java:1185)
	at org.testng.TestNG.runSuitesLocally(TestNG.java:1110)
	at org.testng.TestNG.run(TestNG.java:1018)
	at org.apache.maven.surefire.testng.TestNGExecutor.run(TestNGExecutor.java:77)
	at org.apache.maven.surefire.testng.TestNGDirectoryTestSuite.executeMulti(TestNGDirectoryTestSuite.java:159)
	at org.apache.maven.surefire.testng.TestNGDirectoryTestSuite.execute(TestNGDirectoryTestSuite.java:99)
	at org.apache.maven.surefire.testng.TestNGProvider.invoke(TestNGProvider.java:106)
	at sun.reflect.NativeMethodAccessorImpl.invoke0(Native Method)
	at sun.reflect.NativeMethodAccessorImpl.invoke(NativeMethodAccessorImpl.java:62)
	at sun.reflect.DelegatingMethodAccessorImpl.invoke(DelegatingMethodAccessorImpl.java:43)
	at java.lang.reflect.Method.invoke(Method.java:498)
	at org.apache.maven.surefire.util.ReflectionUtils.invokeMethodWithArray(ReflectionUtils.java:189)
	at org.apache.maven.surefire.booter.ProviderFactory$ProviderProxy.invoke(ProviderFactory.java:165)
	at org.apache.maven.surefire.booter.ProviderFactory.invokeProvider(ProviderFactory.java:85)
	at org.apache.maven.surefire.booter.ForkedBooter.runSuitesInProcess(ForkedBooter.java:115)
	at org.apache.maven.surefire.booter.ForkedBooter.main(ForkedBooter.java:75)
]]>
            </full-stacktrace>
          </exception> <!-- java.lang.AssertionError -->
          <reporter-output>
          </reporter-output>
        </test-method> <!-- addremoveShortlist -->
        <test-method status="PASS" signature="repoquit()[pri:0, instance:com.core.ddf.NoBroker.testcases.ShortlistTest@701fc37a]" name="repoquit" is-config="true" duration-ms="1094" started-at="2017-03-08T22:13:26Z" finished-at="2017-03-08T22:13:27Z">
          <reporter-output>
          </reporter-output>
        </test-method> <!-- repoquit -->
        <test-method status="PASS" signature="init()[pri:0, instance:com.core.ddf.NoBroker.testcases.ShortlistTest@701fc37a]" name="init" is-config="true" duration-ms="0" started-at="2017-03-08T22:13:27Z" finished-at="2017-03-08T22:13:27Z">
          <reporter-output>
          </reporter-output>
        </test-method> <!-- init -->
        <test-method status="PASS" signature="addremoveShortlist(java.util.Hashtable)[pri:0, instance:com.core.ddf.NoBroker.testcases.ShortlistTest@701fc37a]" name="addremoveShortlist" duration-ms="61352" started-at="2017-03-08T22:13:27Z" data-provider="getData" finished-at="2017-03-08T22:14:28Z">
          <params>
            <param index="0">
              <value>
                <![CDATA[{location=whitefield, password=ankur1989, bhk=rk1,bhk1, Runmode=y, number=9852755852, city=Bangalore, Browser=Chrome}]]>
              </value>
            </param>
          </params>
          <reporter-output>
          </reporter-output>
        </test-method> <!-- addremoveShortlist -->
        <test-method status="PASS" signature="repoquit()[pri:0, instance:com.core.ddf.NoBroker.testcases.ShortlistTest@701fc37a]" name="repoquit" is-config="true" duration-ms="1110" started-at="2017-03-08T22:14:28Z" finished-at="2017-03-08T22:14:29Z">
          <reporter-output>
          </reporter-output>
        </test-method> <!-- repoquit -->
        <test-method status="PASS" signature="addremoveShortlist(java.util.Hashtable)[pri:0, instance:com.core.ddf.NoBroker.testcases.ShortlistTest@701fc37a]" name="addremoveShortlist" duration-ms="63645" started-at="2017-03-08T22:14:29Z" data-provider="getData" finished-at="2017-03-08T22:15:33Z">
          <params>
            <param index="0">
              <value>
                <![CDATA[{location=Worli, password=ankur1989, bhk=rk1,bhk1, Runmode=y, number=9852755852, city=Mumbai, Browser=Chrome}]]>
              </value>
            </param>
          </params>
          <reporter-output>
          </reporter-output>
        </test-method> <!-- addremoveShortlist -->
        <test-method status="PASS" signature="init()[pri:0, instance:com.core.ddf.NoBroker.testcases.ShortlistTest@701fc37a]" name="init" is-config="true" duration-ms="0" started-at="2017-03-08T22:14:29Z" finished-at="2017-03-08T22:14:29Z">
          <reporter-output>
          </reporter-output>
        </test-method> <!-- init -->
        <test-method status="PASS" signature="repoquit()[pri:0, instance:com.core.ddf.NoBroker.testcases.ShortlistTest@701fc37a]" name="repoquit" is-config="true" duration-ms="1133" started-at="2017-03-08T22:15:33Z" finished-at="2017-03-08T22:15:34Z">
          <reporter-output>
          </reporter-output>
        </test-method> <!-- repoquit -->
      </class> <!-- com.core.ddf.NoBroker.testcases.ShortlistTest -->
      <class name="com.core.ddf.NoBroker.testcases.selectplanTest">
        <test-method status="PASS" signature="init()[pri:0, instance:com.core.ddf.NoBroker.testcases.selectplanTest@45afc369]" name="init" is-config="true" duration-ms="0" started-at="2017-03-08T22:15:34Z" finished-at="2017-03-08T22:15:34Z">
          <reporter-output>
          </reporter-output>
        </test-method> <!-- init -->
        <test-method status="PASS" signature="search(java.util.Hashtable)[pri:0, instance:com.core.ddf.NoBroker.testcases.selectplanTest@45afc369]" name="search" duration-ms="47559" started-at="2017-03-08T22:15:34Z" data-provider="getData" finished-at="2017-03-08T22:16:22Z">
          <params>
            <param index="0">
              <value>
                <![CDATA[{location=whitefield, password=ankur1989, bhk=rk1,bhk1, Runmode=y, number=9852755852, city=Bangalore, Browser=Chrome}]]>
              </value>
            </param>
          </params>
          <reporter-output>
          </reporter-output>
        </test-method> <!-- search -->
        <test-method status="PASS" signature="repoquit()[pri:0, instance:com.core.ddf.NoBroker.testcases.selectplanTest@45afc369]" name="repoquit" is-config="true" duration-ms="1154" started-at="2017-03-08T22:16:22Z" finished-at="2017-03-08T22:16:23Z">
          <reporter-output>
          </reporter-output>
        </test-method> <!-- repoquit -->
        <test-method status="PASS" signature="search(java.util.Hashtable)[pri:0, instance:com.core.ddf.NoBroker.testcases.selectplanTest@45afc369]" name="search" duration-ms="52651" started-at="2017-03-08T22:16:23Z" data-provider="getData" finished-at="2017-03-08T22:17:15Z">
          <params>
            <param index="0">
              <value>
                <![CDATA[{location=whitefield, password=ankur1989, bhk=rk1,bhk1, Runmode=y, number=9852755852, city=Bangalore, Browser=Chrome}]]>
              </value>
            </param>
          </params>
          <reporter-output>
          </reporter-output>
        </test-method> <!-- search -->
        <test-method status="PASS" signature="init()[pri:0, instance:com.core.ddf.NoBroker.testcases.selectplanTest@45afc369]" name="init" is-config="true" duration-ms="0" started-at="2017-03-08T22:16:23Z" finished-at="2017-03-08T22:16:23Z">
          <reporter-output>
          </reporter-output>
        </test-method> <!-- init -->
        <test-method status="PASS" signature="repoquit()[pri:0, instance:com.core.ddf.NoBroker.testcases.selectplanTest@45afc369]" name="repoquit" is-config="true" duration-ms="1035" started-at="2017-03-08T22:17:15Z" finished-at="2017-03-08T22:17:16Z">
          <reporter-output>
          </reporter-output>
        </test-method> <!-- repoquit -->
        <test-method status="PASS" signature="init()[pri:0, instance:com.core.ddf.NoBroker.testcases.selectplanTest@45afc369]" name="init" is-config="true" duration-ms="0" started-at="2017-03-08T22:17:16Z" finished-at="2017-03-08T22:17:16Z">
          <reporter-output>
          </reporter-output>
        </test-method> <!-- init -->
        <test-method status="FAIL" signature="search(java.util.Hashtable)[pri:0, instance:com.core.ddf.NoBroker.testcases.selectplanTest@45afc369]" name="search" duration-ms="37917" started-at="2017-03-08T22:17:16Z" data-provider="getData" finished-at="2017-03-08T22:17:54Z">
          <params>
            <param index="0">
              <value>
                <![CDATA[{location=whitefield, password=aa, bhk=rk1, Runmode=y, number=9852755852, city=Bangalore, Browser=Chrome}]]>
              </value>
            </param>
          </params>
          <exception class="java.lang.AssertionError">
            <message>
              <![CDATA[Password aa is wrong]]>
            </message>
            <full-stacktrace>
              <![CDATA[java.lang.AssertionError: Password aa is wrong
	at org.testng.Assert.fail(Assert.java:94)
	at com.core.ddf.NoBroker.BaseTest.reportFailure(BaseTest.java:181)
	at com.core.ddf.NoBroker.BaseTest.VerifyPassword(BaseTest.java:378)
	at com.core.ddf.NoBroker.testcases.selectplanTest.search(selectplanTest.java:52)
	at sun.reflect.NativeMethodAccessorImpl.invoke0(Native Method)
	at sun.reflect.NativeMethodAccessorImpl.invoke(NativeMethodAccessorImpl.java:62)
	at sun.reflect.DelegatingMethodAccessorImpl.invoke(DelegatingMethodAccessorImpl.java:43)
	at java.lang.reflect.Method.invoke(Method.java:498)
	at org.testng.internal.MethodInvocationHelper.invokeMethod(MethodInvocationHelper.java:85)
	at org.testng.internal.Invoker.invokeMethod(Invoker.java:639)
	at org.testng.internal.Invoker.invokeTestMethod(Invoker.java:821)
	at org.testng.internal.Invoker.invokeTestMethods(Invoker.java:1131)
	at org.testng.internal.TestMethodWorker.invokeTestMethods(TestMethodWorker.java:124)
	at org.testng.internal.TestMethodWorker.run(TestMethodWorker.java:108)
	at org.testng.TestRunner.privateRun(TestRunner.java:773)
	at org.testng.TestRunner.run(TestRunner.java:623)
	at org.testng.SuiteRunner.runTest(SuiteRunner.java:357)
	at org.testng.SuiteRunner.runSequentially(SuiteRunner.java:352)
	at org.testng.SuiteRunner.privateRun(SuiteRunner.java:310)
	at org.testng.SuiteRunner.run(SuiteRunner.java:259)
	at org.testng.SuiteRunnerWorker.runSuite(SuiteRunnerWorker.java:52)
	at org.testng.SuiteRunnerWorker.run(SuiteRunnerWorker.java:86)
	at org.testng.TestNG.runSuitesSequentially(TestNG.java:1185)
	at org.testng.TestNG.runSuitesLocally(TestNG.java:1110)
	at org.testng.TestNG.run(TestNG.java:1018)
	at org.apache.maven.surefire.testng.TestNGExecutor.run(TestNGExecutor.java:77)
	at org.apache.maven.surefire.testng.TestNGDirectoryTestSuite.executeMulti(TestNGDirectoryTestSuite.java:159)
	at org.apache.maven.surefire.testng.TestNGDirectoryTestSuite.execute(TestNGDirectoryTestSuite.java:99)
	at org.apache.maven.surefire.testng.TestNGProvider.invoke(TestNGProvider.java:106)
	at sun.reflect.NativeMethodAccessorImpl.invoke0(Native Method)
	at sun.reflect.NativeMethodAccessorImpl.invoke(NativeMethodAccessorImpl.java:62)
	at sun.reflect.DelegatingMethodAccessorImpl.invoke(DelegatingMethodAccessorImpl.java:43)
	at java.lang.reflect.Method.invoke(Method.java:498)
	at org.apache.maven.surefire.util.ReflectionUtils.invokeMethodWithArray(ReflectionUtils.java:189)
	at org.apache.maven.surefire.booter.ProviderFactory$ProviderProxy.invoke(ProviderFactory.java:165)
	at org.apache.maven.surefire.booter.ProviderFactory.invokeProvider(ProviderFactory.java:85)
	at org.apache.maven.surefire.booter.ForkedBooter.runSuitesInProcess(ForkedBooter.java:115)
	at org.apache.maven.surefire.booter.ForkedBooter.main(ForkedBooter.java:75)
]]>
            </full-stacktrace>
          </exception> <!-- java.lang.AssertionError -->
          <reporter-output>
          </reporter-output>
        </test-method> <!-- search -->
        <test-method status="PASS" signature="repoquit()[pri:0, instance:com.core.ddf.NoBroker.testcases.selectplanTest@45afc369]" name="repoquit" is-config="true" duration-ms="1018" started-at="2017-03-08T22:17:54Z" finished-at="2017-03-08T22:17:55Z">
          <reporter-output>
          </reporter-output>
        </test-method> <!-- repoquit -->
        <test-method status="PASS" signature="init()[pri:0, instance:com.core.ddf.NoBroker.testcases.selectplanTest@45afc369]" name="init" is-config="true" duration-ms="0" started-at="2017-03-08T22:17:55Z" finished-at="2017-03-08T22:17:55Z">
          <reporter-output>
          </reporter-output>
        </test-method> <!-- init -->
        <test-method status="PASS" signature="search(java.util.Hashtable)[pri:0, instance:com.core.ddf.NoBroker.testcases.selectplanTest@45afc369]" name="search" duration-ms="46983" started-at="2017-03-08T22:17:55Z" data-provider="getData" finished-at="2017-03-08T22:18:42Z">
          <params>
            <param index="0">
              <value>
                <![CDATA[{location=whitefield, password=ankur1989, bhk=rk1,bhk1,bhk2,bhk3,bhk4, Runmode=y, number=9852755852, city=Bangalore, Browser=Chrome}]]>
              </value>
            </param>
          </params>
          <reporter-output>
          </reporter-output>
        </test-method> <!-- search -->
        <test-method status="PASS" signature="repoquit()[pri:0, instance:com.core.ddf.NoBroker.testcases.selectplanTest@45afc369]" name="repoquit" is-config="true" duration-ms="1024" started-at="2017-03-08T22:18:42Z" finished-at="2017-03-08T22:18:43Z">
          <reporter-output>
          </reporter-output>
        </test-method> <!-- repoquit -->
        <test-method status="FAIL" signature="search(java.util.Hashtable)[pri:0, instance:com.core.ddf.NoBroker.testcases.selectplanTest@45afc369]" name="search" duration-ms="9904" started-at="2017-03-08T22:18:43Z" data-provider="getData" finished-at="2017-03-08T22:18:53Z">
          <params>
            <param index="0">
              <value>
                <![CDATA[{location=whitefield, password=ankur1989, bhk=rk1,bhk1, Runmode=y, number=9852755852, city=Jaipur, Browser=Chrome}]]>
              </value>
            </param>
          </params>
          <exception class="java.lang.AssertionError">
            <message>
              <![CDATA[City not found Jaipur]]>
            </message>
            <full-stacktrace>
              <![CDATA[java.lang.AssertionError: City not found Jaipur
	at org.testng.Assert.fail(Assert.java:94)
	at com.core.ddf.NoBroker.BaseTest.reportFailure(BaseTest.java:181)
	at com.core.ddf.NoBroker.BaseTest.selectCity(BaseTest.java:254)
	at com.core.ddf.NoBroker.BaseTest.searchResult(BaseTest.java:268)
	at com.core.ddf.NoBroker.testcases.selectplanTest.search(selectplanTest.java:36)
	at sun.reflect.NativeMethodAccessorImpl.invoke0(Native Method)
	at sun.reflect.NativeMethodAccessorImpl.invoke(NativeMethodAccessorImpl.java:62)
	at sun.reflect.DelegatingMethodAccessorImpl.invoke(DelegatingMethodAccessorImpl.java:43)
	at java.lang.reflect.Method.invoke(Method.java:498)
	at org.testng.internal.MethodInvocationHelper.invokeMethod(MethodInvocationHelper.java:85)
	at org.testng.internal.Invoker.invokeMethod(Invoker.java:639)
	at org.testng.internal.Invoker.invokeTestMethod(Invoker.java:821)
	at org.testng.internal.Invoker.invokeTestMethods(Invoker.java:1131)
	at org.testng.internal.TestMethodWorker.invokeTestMethods(TestMethodWorker.java:124)
	at org.testng.internal.TestMethodWorker.run(TestMethodWorker.java:108)
	at org.testng.TestRunner.privateRun(TestRunner.java:773)
	at org.testng.TestRunner.run(TestRunner.java:623)
	at org.testng.SuiteRunner.runTest(SuiteRunner.java:357)
	at org.testng.SuiteRunner.runSequentially(SuiteRunner.java:352)
	at org.testng.SuiteRunner.privateRun(SuiteRunner.java:310)
	at org.testng.SuiteRunner.run(SuiteRunner.java:259)
	at org.testng.SuiteRunnerWorker.runSuite(SuiteRunnerWorker.java:52)
	at org.testng.SuiteRunnerWorker.run(SuiteRunnerWorker.java:86)
	at org.testng.TestNG.runSuitesSequentially(TestNG.java:1185)
	at org.testng.TestNG.runSuitesLocally(TestNG.java:1110)
	at org.testng.TestNG.run(TestNG.java:1018)
	at org.apache.maven.surefire.testng.TestNGExecutor.run(TestNGExecutor.java:77)
	at org.apache.maven.surefire.testng.TestNGDirectoryTestSuite.executeMulti(TestNGDirectoryTestSuite.java:159)
	at org.apache.maven.surefire.testng.TestNGDirectoryTestSuite.execute(TestNGDirectoryTestSuite.java:99)
	at org.apache.maven.surefire.testng.TestNGProvider.invoke(TestNGProvider.java:106)
	at sun.reflect.NativeMethodAccessorImpl.invoke0(Native Method)
	at sun.reflect.NativeMethodAccessorImpl.invoke(NativeMethodAccessorImpl.java:62)
	at sun.reflect.DelegatingMethodAccessorImpl.invoke(DelegatingMethodAccessorImpl.java:43)
	at java.lang.reflect.Method.invoke(Method.java:498)
	at org.apache.maven.surefire.util.ReflectionUtils.invokeMethodWithArray(ReflectionUtils.java:189)
	at org.apache.maven.surefire.booter.ProviderFactory$ProviderProxy.invoke(ProviderFactory.java:165)
	at org.apache.maven.surefire.booter.ProviderFactory.invokeProvider(ProviderFactory.java:85)
	at org.apache.maven.surefire.booter.ForkedBooter.runSuitesInProcess(ForkedBooter.java:115)
	at org.apache.maven.surefire.booter.ForkedBooter.main(ForkedBooter.java:75)
]]>
            </full-stacktrace>
          </exception> <!-- java.lang.AssertionError -->
          <reporter-output>
          </reporter-output>
        </test-method> <!-- search -->
        <test-method status="PASS" signature="init()[pri:0, instance:com.core.ddf.NoBroker.testcases.selectplanTest@45afc369]" name="init" is-config="true" duration-ms="0" started-at="2017-03-08T22:18:43Z" finished-at="2017-03-08T22:18:43Z">
          <reporter-output>
          </reporter-output>
        </test-method> <!-- init -->
        <test-method status="PASS" signature="repoquit()[pri:0, instance:com.core.ddf.NoBroker.testcases.selectplanTest@45afc369]" name="repoquit" is-config="true" duration-ms="1006" started-at="2017-03-08T22:18:53Z" finished-at="2017-03-08T22:18:54Z">
          <reporter-output>
          </reporter-output>
        </test-method> <!-- repoquit -->
        <test-method status="FAIL" signature="search(java.util.Hashtable)[pri:0, instance:com.core.ddf.NoBroker.testcases.selectplanTest@45afc369]" name="search" duration-ms="31326" started-at="2017-03-08T22:18:54Z" data-provider="getData" finished-at="2017-03-08T22:19:26Z">
          <params>
            <param index="0">
              <value>
                <![CDATA[{location=whitefield, password=ankur1989, bhk=rk1,bhk1, Runmode=y, number=9812, city=Bangalore, Browser=Chrome}]]>
              </value>
            </param>
          </params>
          <exception class="java.lang.AssertionError">
            <message>
              <![CDATA[Mobile numberis not having 10 digits]]>
            </message>
            <full-stacktrace>
              <![CDATA[java.lang.AssertionError: Mobile numberis not having 10 digits
	at org.testng.Assert.fail(Assert.java:94)
	at com.core.ddf.NoBroker.BaseTest.reportFailure(BaseTest.java:181)
	at com.core.ddf.NoBroker.BaseTest.VerifyNumber(BaseTest.java:360)
	at com.core.ddf.NoBroker.testcases.selectplanTest.search(selectplanTest.java:41)
	at sun.reflect.NativeMethodAccessorImpl.invoke0(Native Method)
	at sun.reflect.NativeMethodAccessorImpl.invoke(NativeMethodAccessorImpl.java:62)
	at sun.reflect.DelegatingMethodAccessorImpl.invoke(DelegatingMethodAccessorImpl.java:43)
	at java.lang.reflect.Method.invoke(Method.java:498)
	at org.testng.internal.MethodInvocationHelper.invokeMethod(MethodInvocationHelper.java:85)
	at org.testng.internal.Invoker.invokeMethod(Invoker.java:639)
	at org.testng.internal.Invoker.invokeTestMethod(Invoker.java:821)
	at org.testng.internal.Invoker.invokeTestMethods(Invoker.java:1131)
	at org.testng.internal.TestMethodWorker.invokeTestMethods(TestMethodWorker.java:124)
	at org.testng.internal.TestMethodWorker.run(TestMethodWorker.java:108)
	at org.testng.TestRunner.privateRun(TestRunner.java:773)
	at org.testng.TestRunner.run(TestRunner.java:623)
	at org.testng.SuiteRunner.runTest(SuiteRunner.java:357)
	at org.testng.SuiteRunner.runSequentially(SuiteRunner.java:352)
	at org.testng.SuiteRunner.privateRun(SuiteRunner.java:310)
	at org.testng.SuiteRunner.run(SuiteRunner.java:259)
	at org.testng.SuiteRunnerWorker.runSuite(SuiteRunnerWorker.java:52)
	at org.testng.SuiteRunnerWorker.run(SuiteRunnerWorker.java:86)
	at org.testng.TestNG.runSuitesSequentially(TestNG.java:1185)
	at org.testng.TestNG.runSuitesLocally(TestNG.java:1110)
	at org.testng.TestNG.run(TestNG.java:1018)
	at org.apache.maven.surefire.testng.TestNGExecutor.run(TestNGExecutor.java:77)
	at org.apache.maven.surefire.testng.TestNGDirectoryTestSuite.executeMulti(TestNGDirectoryTestSuite.java:159)
	at org.apache.maven.surefire.testng.TestNGDirectoryTestSuite.execute(TestNGDirectoryTestSuite.java:99)
	at org.apache.maven.surefire.testng.TestNGProvider.invoke(TestNGProvider.java:106)
	at sun.reflect.NativeMethodAccessorImpl.invoke0(Native Method)
	at sun.reflect.NativeMethodAccessorImpl.invoke(NativeMethodAccessorImpl.java:62)
	at sun.reflect.DelegatingMethodAccessorImpl.invoke(DelegatingMethodAccessorImpl.java:43)
	at java.lang.reflect.Method.invoke(Method.java:498)
	at org.apache.maven.surefire.util.ReflectionUtils.invokeMethodWithArray(ReflectionUtils.java:189)
	at org.apache.maven.surefire.booter.ProviderFactory$ProviderProxy.invoke(ProviderFactory.java:165)
	at org.apache.maven.surefire.booter.ProviderFactory.invokeProvider(ProviderFactory.java:85)
	at org.apache.maven.surefire.booter.ForkedBooter.runSuitesInProcess(ForkedBooter.java:115)
	at org.apache.maven.surefire.booter.ForkedBooter.main(ForkedBooter.java:75)
]]>
            </full-stacktrace>
          </exception> <!-- java.lang.AssertionError -->
          <reporter-output>
          </reporter-output>
        </test-method> <!-- search -->
        <test-method status="PASS" signature="init()[pri:0, instance:com.core.ddf.NoBroker.testcases.selectplanTest@45afc369]" name="init" is-config="true" duration-ms="0" started-at="2017-03-08T22:18:54Z" finished-at="2017-03-08T22:18:54Z">
          <reporter-output>
          </reporter-output>
        </test-method> <!-- init -->
        <test-method status="PASS" signature="repoquit()[pri:0, instance:com.core.ddf.NoBroker.testcases.selectplanTest@45afc369]" name="repoquit" is-config="true" duration-ms="1001" started-at="2017-03-08T22:19:26Z" finished-at="2017-03-08T22:19:27Z">
          <reporter-output>
          </reporter-output>
        </test-method> <!-- repoquit -->
        <test-method status="PASS" signature="search(java.util.Hashtable)[pri:0, instance:com.core.ddf.NoBroker.testcases.selectplanTest@45afc369]" name="search" duration-ms="60673" started-at="2017-03-08T22:19:27Z" data-provider="getData" finished-at="2017-03-08T22:20:27Z">
          <params>
            <param index="0">
              <value>
                <![CDATA[{location=Worli, password=ankur1989, bhk=rk1,bhk1, Runmode=y, number=9852755852, city=Mumbai, Browser=Chrome}]]>
              </value>
            </param>
          </params>
          <reporter-output>
          </reporter-output>
        </test-method> <!-- search -->
        <test-method status="PASS" signature="init()[pri:0, instance:com.core.ddf.NoBroker.testcases.selectplanTest@45afc369]" name="init" is-config="true" duration-ms="0" started-at="2017-03-08T22:19:27Z" finished-at="2017-03-08T22:19:27Z">
          <reporter-output>
          </reporter-output>
        </test-method> <!-- init -->
        <test-method status="PASS" signature="repoquit()[pri:0, instance:com.core.ddf.NoBroker.testcases.selectplanTest@45afc369]" name="repoquit" is-config="true" duration-ms="1085" started-at="2017-03-08T22:20:27Z" finished-at="2017-03-08T22:20:28Z">
          <reporter-output>
          </reporter-output>
        </test-method> <!-- repoquit -->
        <test-method status="PASS" signature="init()[pri:0, instance:com.core.ddf.NoBroker.testcases.selectplanTest@45afc369]" name="init" is-config="true" duration-ms="0" started-at="2017-03-08T22:20:28Z" finished-at="2017-03-08T22:20:28Z">
          <reporter-output>
          </reporter-output>
        </test-method> <!-- init -->
        <test-method status="FAIL" signature="search(java.util.Hashtable)[pri:0, instance:com.core.ddf.NoBroker.testcases.selectplanTest@45afc369]" name="search" duration-ms="36123" started-at="2017-03-08T22:20:28Z" data-provider="getData" finished-at="2017-03-08T22:21:04Z">
          <params>
            <param index="0">
              <value>
                <![CDATA[{location=whitefield, password=ankur1989, bhk=rk1,bhk1, Runmode=y, number=aaaaa, city=Bangalore, Browser=Chrome}]]>
              </value>
            </param>
          </params>
          <exception class="java.lang.AssertionError">
            <message>
              <![CDATA[Mobile numberis not of an integer]]>
            </message>
            <full-stacktrace>
              <![CDATA[java.lang.AssertionError: Mobile numberis not of an integer
	at org.testng.Assert.fail(Assert.java:94)
	at com.core.ddf.NoBroker.BaseTest.reportFailure(BaseTest.java:181)
	at com.core.ddf.NoBroker.BaseTest.VerifyNumber(BaseTest.java:368)
	at com.core.ddf.NoBroker.testcases.selectplanTest.search(selectplanTest.java:41)
	at sun.reflect.NativeMethodAccessorImpl.invoke0(Native Method)
	at sun.reflect.NativeMethodAccessorImpl.invoke(NativeMethodAccessorImpl.java:62)
	at sun.reflect.DelegatingMethodAccessorImpl.invoke(DelegatingMethodAccessorImpl.java:43)
	at java.lang.reflect.Method.invoke(Method.java:498)
	at org.testng.internal.MethodInvocationHelper.invokeMethod(MethodInvocationHelper.java:85)
	at org.testng.internal.Invoker.invokeMethod(Invoker.java:639)
	at org.testng.internal.Invoker.invokeTestMethod(Invoker.java:821)
	at org.testng.internal.Invoker.invokeTestMethods(Invoker.java:1131)
	at org.testng.internal.TestMethodWorker.invokeTestMethods(TestMethodWorker.java:124)
	at org.testng.internal.TestMethodWorker.run(TestMethodWorker.java:108)
	at org.testng.TestRunner.privateRun(TestRunner.java:773)
	at org.testng.TestRunner.run(TestRunner.java:623)
	at org.testng.SuiteRunner.runTest(SuiteRunner.java:357)
	at org.testng.SuiteRunner.runSequentially(SuiteRunner.java:352)
	at org.testng.SuiteRunner.privateRun(SuiteRunner.java:310)
	at org.testng.SuiteRunner.run(SuiteRunner.java:259)
	at org.testng.SuiteRunnerWorker.runSuite(SuiteRunnerWorker.java:52)
	at org.testng.SuiteRunnerWorker.run(SuiteRunnerWorker.java:86)
	at org.testng.TestNG.runSuitesSequentially(TestNG.java:1185)
	at org.testng.TestNG.runSuitesLocally(TestNG.java:1110)
	at org.testng.TestNG.run(TestNG.java:1018)
	at org.apache.maven.surefire.testng.TestNGExecutor.run(TestNGExecutor.java:77)
	at org.apache.maven.surefire.testng.TestNGDirectoryTestSuite.executeMulti(TestNGDirectoryTestSuite.java:159)
	at org.apache.maven.surefire.testng.TestNGDirectoryTestSuite.execute(TestNGDirectoryTestSuite.java:99)
	at org.apache.maven.surefire.testng.TestNGProvider.invoke(TestNGProvider.java:106)
	at sun.reflect.NativeMethodAccessorImpl.invoke0(Native Method)
	at sun.reflect.NativeMethodAccessorImpl.invoke(NativeMethodAccessorImpl.java:62)
	at sun.reflect.DelegatingMethodAccessorImpl.invoke(DelegatingMethodAccessorImpl.java:43)
	at java.lang.reflect.Method.invoke(Method.java:498)
	at org.apache.maven.surefire.util.ReflectionUtils.invokeMethodWithArray(ReflectionUtils.java:189)
	at org.apache.maven.surefire.booter.ProviderFactory$ProviderProxy.invoke(ProviderFactory.java:165)
	at org.apache.maven.surefire.booter.ProviderFactory.invokeProvider(ProviderFactory.java:85)
	at org.apache.maven.surefire.booter.ForkedBooter.runSuitesInProcess(ForkedBooter.java:115)
	at org.apache.maven.surefire.booter.ForkedBooter.main(ForkedBooter.java:75)
]]>
            </full-stacktrace>
          </exception> <!-- java.lang.AssertionError -->
          <reporter-output>
          </reporter-output>
        </test-method> <!-- search -->
        <test-method status="PASS" signature="repoquit()[pri:0, instance:com.core.ddf.NoBroker.testcases.selectplanTest@45afc369]" name="repoquit" is-config="true" duration-ms="1004" started-at="2017-03-08T22:21:04Z" finished-at="2017-03-08T22:21:05Z">
          <reporter-output>
          </reporter-output>
        </test-method> <!-- repoquit -->
        <test-method status="FAIL" signature="search(java.util.Hashtable)[pri:0, instance:com.core.ddf.NoBroker.testcases.selectplanTest@45afc369]" name="search" duration-ms="15966" started-at="2017-03-08T22:21:05Z" data-provider="getData" finished-at="2017-03-08T22:21:21Z">
          <params>
            <param index="0">
              <value>
                <![CDATA[{location=whitefield, password=ankur1989, bhk=bhk5, Runmode=y, number=9852755852, city=Bangalore, Browser=Chrome}]]>
              </value>
            </param>
          </params>
          <exception class="java.lang.AssertionError">
            <message>
              <![CDATA[BHK type not found]]>
            </message>
            <full-stacktrace>
              <![CDATA[java.lang.AssertionError: BHK type not found
	at org.testng.Assert.fail(Assert.java:94)
	at com.core.ddf.NoBroker.BaseTest.reportFailure(BaseTest.java:181)
	at com.core.ddf.NoBroker.BaseTest.selectBHK(BaseTest.java:313)
	at com.core.ddf.NoBroker.BaseTest.searchResult(BaseTest.java:269)
	at com.core.ddf.NoBroker.testcases.selectplanTest.search(selectplanTest.java:36)
	at sun.reflect.NativeMethodAccessorImpl.invoke0(Native Method)
	at sun.reflect.NativeMethodAccessorImpl.invoke(NativeMethodAccessorImpl.java:62)
	at sun.reflect.DelegatingMethodAccessorImpl.invoke(DelegatingMethodAccessorImpl.java:43)
	at java.lang.reflect.Method.invoke(Method.java:498)
	at org.testng.internal.MethodInvocationHelper.invokeMethod(MethodInvocationHelper.java:85)
	at org.testng.internal.Invoker.invokeMethod(Invoker.java:639)
	at org.testng.internal.Invoker.invokeTestMethod(Invoker.java:821)
	at org.testng.internal.Invoker.invokeTestMethods(Invoker.java:1131)
	at org.testng.internal.TestMethodWorker.invokeTestMethods(TestMethodWorker.java:124)
	at org.testng.internal.TestMethodWorker.run(TestMethodWorker.java:108)
	at org.testng.TestRunner.privateRun(TestRunner.java:773)
	at org.testng.TestRunner.run(TestRunner.java:623)
	at org.testng.SuiteRunner.runTest(SuiteRunner.java:357)
	at org.testng.SuiteRunner.runSequentially(SuiteRunner.java:352)
	at org.testng.SuiteRunner.privateRun(SuiteRunner.java:310)
	at org.testng.SuiteRunner.run(SuiteRunner.java:259)
	at org.testng.SuiteRunnerWorker.runSuite(SuiteRunnerWorker.java:52)
	at org.testng.SuiteRunnerWorker.run(SuiteRunnerWorker.java:86)
	at org.testng.TestNG.runSuitesSequentially(TestNG.java:1185)
	at org.testng.TestNG.runSuitesLocally(TestNG.java:1110)
	at org.testng.TestNG.run(TestNG.java:1018)
	at org.apache.maven.surefire.testng.TestNGExecutor.run(TestNGExecutor.java:77)
	at org.apache.maven.surefire.testng.TestNGDirectoryTestSuite.executeMulti(TestNGDirectoryTestSuite.java:159)
	at org.apache.maven.surefire.testng.TestNGDirectoryTestSuite.execute(TestNGDirectoryTestSuite.java:99)
	at org.apache.maven.surefire.testng.TestNGProvider.invoke(TestNGProvider.java:106)
	at sun.reflect.NativeMethodAccessorImpl.invoke0(Native Method)
	at sun.reflect.NativeMethodAccessorImpl.invoke(NativeMethodAccessorImpl.java:62)
	at sun.reflect.DelegatingMethodAccessorImpl.invoke(DelegatingMethodAccessorImpl.java:43)
	at java.lang.reflect.Method.invoke(Method.java:498)
	at org.apache.maven.surefire.util.ReflectionUtils.invokeMethodWithArray(ReflectionUtils.java:189)
	at org.apache.maven.surefire.booter.ProviderFactory$ProviderProxy.invoke(ProviderFactory.java:165)
	at org.apache.maven.surefire.booter.ProviderFactory.invokeProvider(ProviderFactory.java:85)
	at org.apache.maven.surefire.booter.ForkedBooter.runSuitesInProcess(ForkedBooter.java:115)
	at org.apache.maven.surefire.booter.ForkedBooter.main(ForkedBooter.java:75)
]]>
            </full-stacktrace>
          </exception> <!-- java.lang.AssertionError -->
          <reporter-output>
          </reporter-output>
        </test-method> <!-- search -->
        <test-method status="PASS" signature="init()[pri:0, instance:com.core.ddf.NoBroker.testcases.selectplanTest@45afc369]" name="init" is-config="true" duration-ms="0" started-at="2017-03-08T22:21:05Z" finished-at="2017-03-08T22:21:05Z">
          <reporter-output>
          </reporter-output>
        </test-method> <!-- init -->
        <test-method status="PASS" signature="repoquit()[pri:0, instance:com.core.ddf.NoBroker.testcases.selectplanTest@45afc369]" name="repoquit" is-config="true" duration-ms="1030" started-at="2017-03-08T22:21:21Z" finished-at="2017-03-08T22:21:22Z">
          <reporter-output>
          </reporter-output>
        </test-method> <!-- repoquit -->
        <test-method status="PASS" signature="init()[pri:0, instance:com.core.ddf.NoBroker.testcases.selectplanTest@45afc369]" name="init" is-config="true" duration-ms="0" started-at="2017-03-08T22:21:22Z" finished-at="2017-03-08T22:21:22Z">
          <reporter-output>
          </reporter-output>
        </test-method> <!-- init -->
        <test-method status="PASS" signature="search(java.util.Hashtable)[pri:0, instance:com.core.ddf.NoBroker.testcases.selectplanTest@45afc369]" name="search" duration-ms="58941" started-at="2017-03-08T22:21:22Z" data-provider="getData" finished-at="2017-03-08T22:22:21Z">
          <params>
            <param index="0">
              <value>
                <![CDATA[{location=whitefield, password=ankur1989, bhk=rk1,bhk1, Runmode=y, number=9852755852, city=Bangalore, Browser=Chrome}]]>
              </value>
            </param>
          </params>
          <reporter-output>
          </reporter-output>
        </test-method> <!-- search -->
        <test-method status="PASS" signature="repoquit()[pri:0, instance:com.core.ddf.NoBroker.testcases.selectplanTest@45afc369]" name="repoquit" is-config="true" duration-ms="1088" started-at="2017-03-08T22:22:21Z" finished-at="2017-03-08T22:22:23Z">
          <reporter-output>
          </reporter-output>
        </test-method> <!-- repoquit -->
        <test-method status="PASS" signature="search(java.util.Hashtable)[pri:0, instance:com.core.ddf.NoBroker.testcases.selectplanTest@45afc369]" name="search" duration-ms="52680" started-at="2017-03-08T22:22:23Z" data-provider="getData" finished-at="2017-03-08T22:23:15Z">
          <params>
            <param index="0">
              <value>
                <![CDATA[{location=Wakad, password=ankur1989, bhk=rk1,bhk1, Runmode=y, number=9852755852, city=Pune, Browser=Chrome}]]>
              </value>
            </param>
          </params>
          <reporter-output>
          </reporter-output>
        </test-method> <!-- search -->
        <test-method status="PASS" signature="init()[pri:0, instance:com.core.ddf.NoBroker.testcases.selectplanTest@45afc369]" name="init" is-config="true" duration-ms="0" started-at="2017-03-08T22:22:23Z" finished-at="2017-03-08T22:22:23Z">
          <reporter-output>
          </reporter-output>
        </test-method> <!-- init -->
        <test-method status="PASS" signature="repoquit()[pri:0, instance:com.core.ddf.NoBroker.testcases.selectplanTest@45afc369]" name="repoquit" is-config="true" duration-ms="1075" started-at="2017-03-08T22:23:15Z" finished-at="2017-03-08T22:23:16Z">
          <reporter-output>
          </reporter-output>
        </test-method> <!-- repoquit -->
      </class> <!-- com.core.ddf.NoBroker.testcases.selectplanTest -->
    </test> <!-- Command line test -->
  </suite> <!-- Command line suite -->
</testng-results>
