<?xml version="1.0" encoding="UTF-8"?>
<!-- Generated by org.testng.reporters.JUnitXMLReporter -->
<testsuite hostname="Ankur" name="TestB" tests="3" failures="0" timestamp="2 Mar 2017 09:11:48 GMT" time="17.342" errors="0">
  <testcase name="testB" time="8.679" classname="com.core.ddf.NoBroker.testcases.DummyTestB"/>
  <testcase name="testB" time="0.003" classname="com.core.ddf.NoBroker.testcases.DummyTestB">
    <skipped/>
  </testcase> <!-- testB -->
  <testcase name="testB" time="7.338" classname="com.core.ddf.NoBroker.testcases.DummyTestB"/>
</testsuite> <!-- TestB -->
